#
# There is insufficient memory for the Java Runtime Environment to continue.
# Native memory allocation (malloc) failed to allocate 131088 bytes for Chunk::new
# Possible reasons:
#   The system is out of physical RAM or swap space
#   The process is running with CompressedOops enabled, and the Java Heap may be blocking the growth of the native heap
# Possible solutions:
#   Reduce memory load on the system
#   Increase physical memory or swap space
#   Check if swap backing store is full
#   Decrease Java heap size (-Xmx/-Xms)
#   Decrease number of Java threads
#   Decrease Java thread stack sizes (-Xss)
#   Set larger code cache with -XX:ReservedCodeCacheSize=
#   JVM is running with Unscaled Compressed Oops mode in which the Java heap is
#     placed in the first 4GB address space. The Java Heap base address is the
#     maximum limit for the native heap growth. Please use -XX:HeapBaseMinAddress
#     to set the Java Heap base and to place the Java Heap above 4GB virtual address.
# This output file may be truncated or incomplete.
#
#  Out of Memory Error (allocation.cpp:390), pid=25744, tid=0x0000000000006ca8
#
# JRE version: Java(TM) SE Runtime Environment (8.0_201-b09) (build 1.8.0_201-b09)
# Java VM: Java HotSpot(TM) 64-Bit Server VM (25.201-b09 mixed mode windows-amd64 compressed oops)
# Failed to write core dump. Minidumps are not enabled by default on client versions of Windows
#

---------------  T H R E A D  ---------------

Current thread (0x0000000018ffa000):  JavaThread "C2 CompilerThread0" daemon [_thread_in_native, id=27816, stack(0x000000001a3f0000,0x000000001a4f0000)]

Stack: [0x000000001a3f0000,0x000000001a4f0000]
[error occurred during error reporting (printing stack bounds), id 0xc0000005]

Native frames: (J=compiled Java code, j=interpreted, Vv=VM code, C=native code)


Current CompileTask:
C2:  18651 3864       4       org.objectweb.asm.ClassReader::readMethod (1111 bytes)


---------------  P R O C E S S  ---------------

Java Threads: ( => current thread )
  0x0000000020914800 JavaThread "Java2D Disposer" daemon [_thread_blocked, id=28076, stack(0x0000000020190000,0x0000000020290000)]
  0x000000002289e800 JavaThread "Timer hack thread" daemon [_thread_blocked, id=28500, stack(0x000000001ba70000,0x000000001bb70000)]
  0x000000001c975800 JavaThread "Snooper Timer" daemon [_thread_blocked, id=28636, stack(0x00000000224c0000,0x00000000225c0000)]
  0x0000000019c77000 JavaThread "Service Thread" daemon [_thread_blocked, id=27808, stack(0x000000001a7e0000,0x000000001a8e0000)]
  0x0000000019b8a800 JavaThread "C1 CompilerThread2" daemon [_thread_in_native, id=22108, stack(0x000000001a6d0000,0x000000001a7d0000)]
  0x0000000018ffb000 JavaThread "C2 CompilerThread1" daemon [_thread_in_native, id=8548, stack(0x000000001a540000,0x000000001a640000)]
=>0x0000000018ffa000 JavaThread "C2 CompilerThread0" daemon [_thread_in_native, id=27816, stack(0x000000001a3f0000,0x000000001a4f0000)]
  0x0000000018c20000 JavaThread "JDWP Command Reader" daemon [_thread_in_native, id=28440, stack(0x0000000019960000,0x0000000019a60000)]
  0x0000000018c1f000 JavaThread "JDWP Event Helper Thread" daemon [_thread_blocked, id=27044, stack(0x00000000196b0000,0x00000000197b0000)]
  0x0000000018c14800 JavaThread "JDWP Transport Listener: dt_socket" daemon [_thread_blocked, id=12208, stack(0x00000000194c0000,0x00000000195c0000)]
  0x0000000018c07800 JavaThread "Attach Listener" daemon [_thread_blocked, id=27832, stack(0x0000000019300000,0x0000000019400000)]
  0x0000000018c06800 JavaThread "Signal Dispatcher" daemon [_thread_blocked, id=24972, stack(0x0000000019120000,0x0000000019220000)]
  0x0000000017890000 JavaThread "Finalizer" daemon [_thread_blocked, id=26904, stack(0x0000000018b00000,0x0000000018c00000)]
  0x0000000017889000 JavaThread "Reference Handler" daemon [_thread_blocked, id=28452, stack(0x00000000189d0000,0x0000000018ad0000)]
  0x00000000021bf000 JavaThread "Client thread" [_thread_in_Java, id=28276, stack(0x00000000023d0000,0x00000000024d0000)]

Other Threads:
  0x0000000017841800 VMThread [stack: 0x0000000018850000,0x0000000018950000] [id=26936]
  0x0000000019c78000 WatcherThread [stack: 0x0000000019820000,0x0000000019920000] [id=28352]

VM state:not at safepoint (normal execution)

VM Mutex/Monitor currently owned by a thread: None

heap address: 0x0000000080a00000, size: 2038 MB, Compressed Oops mode: 32-bit
Narrow klass base: 0x0000000000000000, Narrow klass shift: 3
Compressed class space size: 1073741824 Address: 0x000000013f850000

Heap:
 PSYoungGen      total 454144K, used 62380K [0x00000000d5900000, 0x00000000f3880000, 0x0000000100000000)
  eden space 431616K, 10% used [0x00000000d5900000,0x00000000d870e468,0x00000000efe80000)
  from space 22528K, 67% used [0x00000000f2280000,0x00000000f315cd88,0x00000000f3880000)
  to   space 29696K, 0% used [0x00000000efe80000,0x00000000efe80000,0x00000000f1b80000)
 ParOldGen       total 99328K, used 64617K [0x0000000080a00000, 0x0000000086b00000, 0x00000000d5900000)
  object space 99328K, 65% used [0x0000000080a00000,0x000000008491a4e0,0x0000000086b00000)
 Metaspace       used 35519K, capacity 35955K, committed 36140K, reserved 1081344K
  class space    used 4718K, capacity 4864K, committed 4908K, reserved 1048576K

Card table byte_map: [0x0000000011e30000,0x0000000012230000] byte_map_base: 0x0000000011a2b000

Marking Bits: (ParMarkBitMap*) 0x00000000559f4ce0
 Begin Bits: [0x0000000012b00000, 0x0000000014ad8000)
 End Bits:   [0x0000000014ad8000, 0x0000000016ab0000)

Polling page: 0x0000000000430000

CodeCache: size=245760Kb used=14098Kb max_used=14161Kb free=231661Kb
 bounds [0x0000000002a70000, 0x0000000003860000, 0x0000000011a70000]
 total_blobs=4042 nmethods=3416 adapters=545
 compilation: enabled

Compilation events (10 events):
Event: 18.597 Thread 0x0000000018ffb000 nmethod 3859 0x00000000031e5750 code [0x00000000031e5880, 0x00000000031e58f8]
Event: 18.597 Thread 0x0000000018ffb000 3860   !   4       java.util.zip.ZipFile$ZipFileInputStream::read (131 bytes)
Event: 18.600 Thread 0x0000000018ffb000 nmethod 3860 0x0000000002f679d0 code [0x0000000002f67b40, 0x0000000002f682d8]
Event: 18.604 Thread 0x0000000018ffa000 nmethod 3856 0x0000000003080350 code [0x0000000003080580, 0x0000000003082290]
Event: 18.636 Thread 0x0000000018ffb000 3862  s    4       java.util.jar.JarFile::getInputStream (89 bytes)
Event: 18.636 Thread 0x0000000019b8a800 3863       3       java.lang.Class::getMethod (64 bytes)
Event: 18.637 Thread 0x0000000019b8a800 nmethod 3863 0x0000000002f66490 code [0x0000000002f666e0, 0x0000000002f673c8]
Event: 18.637 Thread 0x0000000018ffa000 3864       4       org.objectweb.asm.ClassReader::readMethod (1111 bytes)
Event: 18.646 Thread 0x0000000019b8a800 3865       3       org.objectweb.asm.ClassWriter::newUTF8 (70 bytes)
Event: 18.646 Thread 0x0000000019b8a800 nmethod 3865 0x000000000300d490 code [0x000000000300d640, 0x000000000300da78]

GC Heap History (10 events):
Event: 7.453 GC heap before
{Heap before GC invocations=12 (full 1):
 PSYoungGen      total 214528K, used 41088K [0x00000000d5900000, 0x00000000e7500000, 0x0000000100000000)
  eden space 184320K, 5% used [0x00000000d5900000,0x00000000d63bb580,0x00000000e0d00000)
  from space 30208K, 99% used [0x00000000e5780000,0x00000000e74e4dc8,0x00000000e7500000)
  to   space 34816K, 0% used [0x00000000e3100000,0x00000000e3100000,0x00000000e5300000)
 ParOldGen       total 87552K, used 45799K [0x0000000080a00000, 0x0000000085f80000, 0x00000000d5900000)
  object space 87552K, 52% used [0x0000000080a00000,0x00000000836b9e58,0x0000000085f80000)
 Metaspace       used 22448K, capacity 22746K, committed 22828K, reserved 1069056K
  class space    used 2722K, capacity 2838K, committed 2860K, reserved 1048576K
Event: 7.474 GC heap after
Heap after GC invocations=12 (full 1):
 PSYoungGen      total 256000K, used 12961K [0x00000000d5900000, 0x00000000eb900000, 0x0000000100000000)
  eden space 221184K, 0% used [0x00000000d5900000,0x00000000d5900000,0x00000000e3100000)
  from space 34816K, 37% used [0x00000000e3100000,0x00000000e3da85b8,0x00000000e5300000)
  to   space 32768K, 0% used [0x00000000e9900000,0x00000000e9900000,0x00000000eb900000)
 ParOldGen       total 87552K, used 61435K [0x0000000080a00000, 0x0000000085f80000, 0x00000000d5900000)
  object space 87552K, 70% used [0x0000000080a00000,0x00000000845fefc8,0x0000000085f80000)
 Metaspace       used 22448K, capacity 22746K, committed 22828K, reserved 1069056K
  class space    used 2722K, capacity 2838K, committed 2860K, reserved 1048576K
}
Event: 7.474 GC heap before
{Heap before GC invocations=13 (full 2):
 PSYoungGen      total 256000K, used 12961K [0x00000000d5900000, 0x00000000eb900000, 0x0000000100000000)
  eden space 221184K, 0% used [0x00000000d5900000,0x00000000d5900000,0x00000000e3100000)
  from space 34816K, 37% used [0x00000000e3100000,0x00000000e3da85b8,0x00000000e5300000)
  to   space 32768K, 0% used [0x00000000e9900000,0x00000000e9900000,0x00000000eb900000)
 ParOldGen       total 87552K, used 61435K [0x0000000080a00000, 0x0000000085f80000, 0x00000000d5900000)
  object space 87552K, 70% used [0x0000000080a00000,0x00000000845fefc8,0x0000000085f80000)
 Metaspace       used 22448K, capacity 22746K, committed 22828K, reserved 1069056K
  class space    used 2722K, capacity 2838K, committed 2860K, reserved 1048576K
Event: 7.538 GC heap after
Heap after GC invocations=13 (full 2):
 PSYoungGen      total 256000K, used 0K [0x00000000d5900000, 0x00000000eb900000, 0x0000000100000000)
  eden space 221184K, 0% used [0x00000000d5900000,0x00000000d5900000,0x00000000e3100000)
  from space 34816K, 0% used [0x00000000e3100000,0x00000000e3100000,0x00000000e5300000)
  to   space 32768K, 0% used [0x00000000e9900000,0x00000000e9900000,0x00000000eb900000)
 ParOldGen       total 99328K, used 44746K [0x0000000080a00000, 0x0000000086b00000, 0x00000000d5900000)
  object space 99328K, 45% used [0x0000000080a00000,0x00000000835b2948,0x0000000086b00000)
 Metaspace       used 22448K, capacity 22746K, committed 22828K, reserved 1069056K
  class space    used 2722K, capacity 2838K, committed 2860K, reserved 1048576K
}
Event: 13.342 GC heap before
{Heap before GC invocations=14 (full 2):
 PSYoungGen      total 256000K, used 221184K [0x00000000d5900000, 0x00000000eb900000, 0x0000000100000000)
  eden space 221184K, 100% used [0x00000000d5900000,0x00000000e3100000,0x00000000e3100000)
  from space 34816K, 0% used [0x00000000e3100000,0x00000000e3100000,0x00000000e5300000)
  to   space 32768K, 0% used [0x00000000e9900000,0x00000000e9900000,0x00000000eb900000)
 ParOldGen       total 99328K, used 44746K [0x0000000080a00000, 0x0000000086b00000, 0x00000000d5900000)
  object space 99328K, 45% used [0x0000000080a00000,0x00000000835b2948,0x0000000086b00000)
 Metaspace       used 26278K, capacity 26618K, committed 26924K, reserved 1073152K
  class space    used 3264K, capacity 3360K, committed 3372K, reserved 1048576K
Event: 13.381 GC heap after
Heap after GC invocations=14 (full 2):
 PSYoungGen      total 328704K, used 9825K [0x00000000d5900000, 0x00000000ed680000, 0x0000000100000000)
  eden space 295936K, 0% used [0x00000000d5900000,0x00000000d5900000,0x00000000e7a00000)
  from space 32768K, 29% used [0x00000000e9900000,0x00000000ea298738,0x00000000eb900000)
  to   space 31744K, 0% used [0x00000000e7a00000,0x00000000e7a00000,0x00000000e9900000)
 ParOldGen       total 99328K, used 44754K [0x0000000080a00000, 0x0000000086b00000, 0x00000000d5900000)
  object space 99328K, 45% used [0x0000000080a00000,0x00000000835b4948,0x0000000086b00000)
 Metaspace       used 26278K, capacity 26618K, committed 26924K, reserved 1073152K
  class space    used 3264K, capacity 3360K, committed 3372K, reserved 1048576K
}
Event: 14.452 GC heap before
{Heap before GC invocations=15 (full 2):
 PSYoungGen      total 328704K, used 305761K [0x00000000d5900000, 0x00000000ed680000, 0x0000000100000000)
  eden space 295936K, 100% used [0x00000000d5900000,0x00000000e7a00000,0x00000000e7a00000)
  from space 32768K, 29% used [0x00000000e9900000,0x00000000ea298738,0x00000000eb900000)
  to   space 31744K, 0% used [0x00000000e7a00000,0x00000000e7a00000,0x00000000e9900000)
 ParOldGen       total 99328K, used 44754K [0x0000000080a00000, 0x0000000086b00000, 0x00000000d5900000)
  object space 99328K, 45% used [0x0000000080a00000,0x00000000835b4948,0x0000000086b00000)
 Metaspace       used 28823K, capacity 29146K, committed 29356K, reserved 1075200K
  class space    used 3809K, capacity 3904K, committed 4012K, reserved 1048576K
Event: 14.511 GC heap after
Heap after GC invocations=15 (full 2):
 PSYoungGen      total 327680K, used 15769K [0x00000000d5900000, 0x00000000f4080000, 0x0000000100000000)
  eden space 295936K, 0% used [0x00000000d5900000,0x00000000d5900000,0x00000000e7a00000)
  from space 31744K, 49% used [0x00000000e7a00000,0x00000000e89666e0,0x00000000e9900000)
  to   space 30720K, 0% used [0x00000000f2280000,0x00000000f2280000,0x00000000f4080000)
 ParOldGen       total 99328K, used 51390K [0x0000000080a00000, 0x0000000086b00000, 0x00000000d5900000)
  object space 99328K, 51% used [0x0000000080a00000,0x0000000083c2fb78,0x0000000086b00000)
 Metaspace       used 28823K, capacity 29146K, committed 29356K, reserved 1075200K
  class space    used 3809K, capacity 3904K, committed 4012K, reserved 1048576K
}
Event: 16.112 GC heap before
{Heap before GC invocations=16 (full 2):
 PSYoungGen      total 327680K, used 311705K [0x00000000d5900000, 0x00000000f4080000, 0x0000000100000000)
  eden space 295936K, 100% used [0x00000000d5900000,0x00000000e7a00000,0x00000000e7a00000)
  from space 31744K, 49% used [0x00000000e7a00000,0x00000000e89666e0,0x00000000e9900000)
  to   space 30720K, 0% used [0x00000000f2280000,0x00000000f2280000,0x00000000f4080000)
 ParOldGen       total 99328K, used 51390K [0x0000000080a00000, 0x0000000086b00000, 0x00000000d5900000)
  object space 99328K, 51% used [0x0000000080a00000,0x0000000083c2fb78,0x0000000086b00000)
 Metaspace       used 33252K, capacity 33600K, committed 33964K, reserved 1079296K
  class space    used 4545K, capacity 4664K, committed 4780K, reserved 1048576K
Event: 16.135 GC heap after
Heap after GC invocations=16 (full 2):
 PSYoungGen      total 454144K, used 15219K [0x00000000d5900000, 0x00000000f3880000, 0x0000000100000000)
  eden space 431616K, 0% used [0x00000000d5900000,0x00000000d5900000,0x00000000efe80000)
  from space 22528K, 67% used [0x00000000f2280000,0x00000000f315cd88,0x00000000f3880000)
  to   space 29696K, 0% used [0x00000000efe80000,0x00000000efe80000,0x00000000f1b80000)
 ParOldGen       total 99328K, used 64617K [0x0000000080a00000, 0x0000000086b00000, 0x00000000d5900000)
  object space 99328K, 65% used [0x0000000080a00000,0x000000008491a4e0,0x0000000086b00000)
 Metaspace       used 33252K, capacity 33600K, committed 33964K, reserved 1079296K
  class space    used 4545K, capacity 4664K, committed 4780K, reserved 1048576K
}

Deoptimization events (10 events):
Event: 15.851 Thread 0x00000000021bf000 Uncommon trap: reason=bimorphic action=maybe_recompile pc=0x0000000002d389c0 method=java.util.AbstractCollection.toArray()[Ljava/lang/Object; @ 1
Event: 15.851 Thread 0x00000000021bf000 Uncommon trap: reason=bimorphic action=maybe_recompile pc=0x0000000002d389c0 method=java.util.AbstractCollection.toArray()[Ljava/lang/Object; @ 1
Event: 16.178 Thread 0x00000000021bf000 Uncommon trap: reason=unstable_if action=reinterpret pc=0x00000000030b87d4 method=com.google.common.base.AbstractIterator.next()Ljava/lang/Object; @ 4
Event: 18.579 Thread 0x00000000021bf000 Uncommon trap: reason=bimorphic action=maybe_recompile pc=0x00000000031519dc method=java.io.FilterInputStream.read([BII)I @ 7
Event: 18.579 Thread 0x00000000021bf000 Uncommon trap: reason=bimorphic action=maybe_recompile pc=0x0000000002f9680c method=java.io.FilterInputStream.read([BII)I @ 7
Event: 18.584 Thread 0x00000000021bf000 Uncommon trap: reason=bimorphic action=maybe_recompile pc=0x00000000031519dc method=java.io.FilterInputStream.read([BII)I @ 7
Event: 18.584 Thread 0x00000000021bf000 Uncommon trap: reason=bimorphic action=maybe_recompile pc=0x0000000002f9680c method=java.io.FilterInputStream.read([BII)I @ 7
Event: 18.584 Thread 0x00000000021bf000 Uncommon trap: reason=bimorphic action=maybe_recompile pc=0x00000000031519dc method=java.io.FilterInputStream.read([BII)I @ 7
Event: 18.609 Thread 0x00000000021bf000 Uncommon trap: reason=class_check action=maybe_recompile pc=0x00000000037a1e40 method=java.util.regex.Matcher.search(I)Z @ 86
Event: 18.646 Thread 0x00000000021bf000 Uncommon trap: reason=unstable_if action=reinterpret pc=0x0000000002bcc9c8 method=org.objectweb.asm.ByteVector.putUTF8(Ljava/lang/String;)Lorg/objectweb/asm/ByteVector; @ 91

Classes redefined (0 events):
No events

Internal exceptions (10 events):
Event: 8.581 Thread 0x00000000021bf000 NullPointerException at vtable entry 0x0000000002b96ad8
Event: 8.581 Thread 0x00000000021bf000 Exception <a 'java/lang/NullPointerException'> (0x00000000d71494d0) thrown at [C:\re\workspace\8-2-build-windows-amd64-cygwin\jdk8u201\12322\hotspot\src\share\vm\runtime\sharedRuntime.cpp, line 605]
Event: 8.582 Thread 0x00000000021bf000 NullPointerException at vtable entry 0x0000000002b96ad8
Event: 8.582 Thread 0x00000000021bf000 Exception <a 'java/lang/NullPointerException'> (0x00000000d7153e78) thrown at [C:\re\workspace\8-2-build-windows-amd64-cygwin\jdk8u201\12322\hotspot\src\share\vm\runtime\sharedRuntime.cpp, line 605]
Event: 9.210 Thread 0x00000000021bf000 Implicit null exception at 0x0000000002d75554 to 0x0000000002d757e9
Event: 9.210 Thread 0x00000000021bf000 Implicit null exception at 0x0000000002d3b8ef to 0x0000000002d3b95d
Event: 10.287 Thread 0x00000000021bf000 Implicit null exception at 0x00000000035181c1 to 0x000000000351bebd
Event: 15.423 Thread 0x00000000021bf000 Implicit null exception at 0x0000000002f7e82c to 0x0000000002f7e862
Event: 18.572 Thread 0x00000000021bf000 Exception <a 'java/io/FileNotFoundException'> (0x00000000d6f3a188) thrown at [C:\re\workspace\8-2-build-windows-amd64-cygwin\jdk8u201\12322\hotspot\src\share\vm\prims\jni.cpp, line 709]
Event: 18.573 Thread 0x00000000021bf000 Exception <a 'java/io/FileNotFoundException'> (0x00000000d6f3def0) thrown at [C:\re\workspace\8-2-build-windows-amd64-cygwin\jdk8u201\12322\hotspot\src\share\vm\prims\jni.cpp, line 709]

Events (10 events):
Event: 18.639 loading class com/sun/jna/Native$ffi_callback done
Event: 18.640 loading class com/sun/jna/Structure$FFIType$FFITypes
Event: 18.640 loading class com/sun/jna/Structure$FFIType$FFITypes done
Event: 18.642 loading class com/sun/jna/Native$2
Event: 18.642 loading class com/sun/jna/Native$2 done
Event: 18.643 loading class com/sun/jna/platform/win32/Advapi32Util
Event: 18.643 loading class com/sun/jna/platform/win32/Advapi32Util done
Event: 18.646 Thread 0x00000000021bf000 Uncommon trap: trap_request=0xffffff65 fr.pc=0x0000000002bcc9c8
Event: 18.646 Thread 0x00000000021bf000 DEOPT PACKING pc=0x0000000002bcc9c8 sp=0x00000000024cc7d0
Event: 18.646 Thread 0x00000000021bf000 DEOPT UNPACKING pc=0x0000000002ab583b sp=0x00000000024cc720 mode 2


Dynamic libraries:
0x000000013f810000 - 0x000000013f847000 	C:\Program Files\Java\jdk1.8.0_201\bin\java.exe
0x0000000077530000 - 0x00000000776d9000 	C:\Windows\SYSTEM32\ntdll.dll
0x0000000077410000 - 0x000000007752f000 	C:\Windows\system32\kernel32.dll
0x000007fefd530000 - 0x000007fefd59c000 	C:\Windows\system32\KERNELBASE.dll
0x000007feff3a0000 - 0x000007feff47b000 	C:\Windows\system32\ADVAPI32.dll
0x000007feff590000 - 0x000007feff62f000 	C:\Windows\system32\msvcrt.dll
0x000007fefebc0000 - 0x000007fefebdf000 	C:\Windows\SYSTEM32\sechost.dll
0x000007feff630000 - 0x000007feff75d000 	C:\Windows\system32\RPCRT4.dll
0x0000000077310000 - 0x000000007740a000 	C:\Windows\system32\USER32.dll
0x000007feff310000 - 0x000007feff377000 	C:\Windows\system32\GDI32.dll
0x000007fefdb70000 - 0x000007fefdb7e000 	C:\Windows\system32\LPK.dll
0x000007fefeae0000 - 0x000007fefeba9000 	C:\Windows\system32\USP10.dll
0x000007fefc070000 - 0x000007fefc264000 	C:\Windows\WinSxS\amd64_microsoft.windows.common-controls_6595b64144ccf1df_6.0.7601.17514_none_fa396087175ac9ac\COMCTL32.dll
0x000007feff760000 - 0x000007feff7d1000 	C:\Windows\system32\SHLWAPI.dll
0x000007fefd9c0000 - 0x000007fefd9ee000 	C:\Windows\system32\IMM32.DLL
0x000007feff480000 - 0x000007feff589000 	C:\Windows\system32\MSCTF.dll
0x00000000595f0000 - 0x00000000596c1000 	C:\Program Files\Java\jdk1.8.0_201\jre\bin\msvcr100.dll
0x00000000551d0000 - 0x0000000055a74000 	C:\Program Files\Java\jdk1.8.0_201\jre\bin\server\jvm.dll
0x000007fef1c90000 - 0x000007fef1c99000 	C:\Windows\system32\WSOCK32.dll
0x000007fefd850000 - 0x000007fefd89d000 	C:\Windows\system32\WS2_32.dll
0x000007fefebb0000 - 0x000007fefebb8000 	C:\Windows\system32\NSI.dll
0x000007fefa110000 - 0x000007fefa14b000 	C:\Windows\system32\WINMM.dll
0x000007fefc5e0000 - 0x000007fefc5ec000 	C:\Windows\system32\VERSION.dll
0x0000000077700000 - 0x0000000077707000 	C:\Windows\system32\PSAPI.DLL
0x000007fef2c80000 - 0x000007fef2c8f000 	C:\Program Files\Java\jdk1.8.0_201\jre\bin\verify.dll
0x000007fef03e0000 - 0x000007fef0409000 	C:\Program Files\Java\jdk1.8.0_201\jre\bin\java.dll
0x000007feeed00000 - 0x000007feeed35000 	C:\Program Files\Java\jdk1.8.0_201\jre\bin\jdwp.dll
0x000007fef0c90000 - 0x000007fef0c98000 	C:\Program Files\Java\jdk1.8.0_201\jre\bin\npt.dll
0x000007fef0b10000 - 0x000007fef0b33000 	C:\Program Files\Java\jdk1.8.0_201\jre\bin\instrument.dll
0x000007fef0d60000 - 0x000007fef0d76000 	C:\Program Files\Java\jdk1.8.0_201\jre\bin\zip.dll
0x000007fefdc20000 - 0x000007fefe9a8000 	C:\Windows\system32\SHELL32.dll
0x000007feff100000 - 0x000007feff303000 	C:\Windows\system32\ole32.dll
0x000007fefd480000 - 0x000007fefd48f000 	C:\Windows\system32\profapi.dll
0x000007fef0c80000 - 0x000007fef0c89000 	C:\Program Files\Java\jdk1.8.0_201\jre\bin\dt_socket.dll
0x000007fefccf0000 - 0x000007fefcd45000 	C:\Windows\system32\mswsock.dll
0x000007fefc6b0000 - 0x000007fefc6b7000 	C:\Windows\System32\wshtcpip.dll
0x000007fefcd50000 - 0x000007fefcd67000 	C:\Windows\system32\CRYPTSP.dll
0x000007fefca10000 - 0x000007fefca57000 	C:\Windows\system32\rsaenh.dll
0x000007fefc7c0000 - 0x000007fefc7de000 	C:\Windows\system32\USERENV.dll
0x000007fefd3b0000 - 0x000007fefd3bf000 	C:\Windows\system32\CRYPTBASE.dll
0x000007fef0da0000 - 0x000007fef0dba000 	C:\Program Files\Java\jdk1.8.0_201\jre\bin\net.dll
0x000007fefd9f0000 - 0x000007fefdb69000 	C:\Windows\system32\urlmon.dll
0x000007fefe9b0000 - 0x000007fefeada000 	C:\Windows\system32\WININET.dll
0x000007fefeea0000 - 0x000007feff0fb000 	C:\Windows\system32\iertutil.dll
0x000007fefedc0000 - 0x000007fefee97000 	C:\Windows\system32\OLEAUT32.dll
0x000007fefd640000 - 0x000007fefd7a7000 	C:\Windows\system32\CRYPT32.dll
0x000007fefd520000 - 0x000007fefd52f000 	C:\Windows\system32\MSASN1.dll
0x000007fefcce0000 - 0x000007fefcce7000 	C:\Windows\System32\wship6.dll
0x000007fefad00000 - 0x000007fefad27000 	C:\Windows\system32\IPHLPAPI.DLL
0x000007fefacf0000 - 0x000007fefacfb000 	C:\Windows\system32\WINNSI.DLL
0x000007fefaaf0000 - 0x000007fefab01000 	C:\Windows\system32\dhcpcsvc6.DLL
0x000007fefaad0000 - 0x000007fefaae8000 	C:\Windows\system32\dhcpcsvc.DLL
0x000007fef0d00000 - 0x000007fef0d11000 	C:\Program Files\Java\jdk1.8.0_201\jre\bin\nio.dll
0x000007fef9250000 - 0x000007fef925d000 	C:\Program Files\Java\jdk1.8.0_201\jre\bin\management.dll
0x000007fefb070000 - 0x000007fefb085000 	C:\Windows\system32\NLAapi.dll
0x000007fef2300000 - 0x000007fef2315000 	C:\Windows\system32\napinsp.dll
0x000007fef22e0000 - 0x000007fef22f9000 	C:\Windows\system32\pnrpnsp.dll
0x000007fefcb30000 - 0x000007fefcb8b000 	C:\Windows\system32\DNSAPI.dll
0x000007fef2230000 - 0x000007fef223b000 	C:\Windows\System32\winrnr.dll
0x000007fef2220000 - 0x000007fef2230000 	C:\Windows\system32\wshbth.dll
0x000007fefa100000 - 0x000007fefa108000 	C:\Windows\system32\rasadhlp.dll
0x000007fefabb0000 - 0x000007fefac03000 	C:\Windows\System32\fwpuclnt.dll
0x000007feeecb0000 - 0x000007feeecf2000 	C:\Users\xluser\AppData\Local\Temp\jna--756129601\jna7200691862211265003.dll
0x000007fefc560000 - 0x000007fefc563000 	C:\Windows\system32\api-ms-win-core-synch-l1-2-0.DLL
0x0000000180000000 - 0x0000000180053000 	C:\Users\xluser\.gradle\caches\minecraft\net\minecraft\natives\1.12.2\lwjgl64.dll
0x000007fefb620000 - 0x000007fefb73d000 	C:\Windows\system32\OPENGL32.dll
0x000007fefb820000 - 0x000007fefb84d000 	C:\Windows\system32\GLU32.dll
0x000007fef11c0000 - 0x000007fef12b1000 	C:\Windows\system32\DDRAW.dll
0x000007fefb810000 - 0x000007fefb818000 	C:\Windows\system32\DCIMAN32.dll
0x000007fefebe0000 - 0x000007fefedb7000 	C:\Windows\system32\SETUPAPI.dll
0x000007fefd5a0000 - 0x000007fefd5d6000 	C:\Windows\system32\CFGMGR32.dll
0x000007fefd5e0000 - 0x000007fefd5fa000 	C:\Windows\system32\DEVOBJ.dll
0x000007fefc570000 - 0x000007fefc588000 	C:\Windows\system32\dwmapi.dll
0x000007fed34a0000 - 0x000007fed3639000 	C:\Program Files\Java\jdk1.8.0_201\jre\bin\awt.dll
0x000007fefbe90000 - 0x000007fefbee6000 	C:\Windows\system32\uxtheme.dll
0x000007fefb7e0000 - 0x000007fefb805000 	C:\Windows\system32\atig6pxx.dll
0x000000006f980000 - 0x0000000071cf5000 	C:\Windows\system32\atio6axx.dll
0x000007fef8b50000 - 0x000007fef8b71000 	C:\Windows\system32\dxva2.dll
0x000007fef0aa0000 - 0x000007fef0ad8000 	C:\Windows\system32\atig6txx.dll
0x000007fef2790000 - 0x000007fef2902000 	C:\Windows\system32\atiadlxx.dll
0x000007fefbef0000 - 0x000007fefc01c000 	C:\Windows\system32\PROPSYS.dll
0x000007fefd600000 - 0x000007fefd63a000 	C:\Windows\system32\WINTRUST.dll
0x000007fed7da0000 - 0x000007fed7e3c000 	C:\Windows\system32\mscms.dll
0x000007feec4b0000 - 0x000007feec4f2000 	C:\Windows\system32\icm32.dll
0x000007feebf30000 - 0x000007feebf72000 	C:\Users\xluser\AppData\Local\Temp\jna--756129601\jna7084110213640254069.dll

VM Arguments:
jvm_args: -agentlib:jdwp=transport=dt_socket,address=127.0.0.1:59223,suspend=y,server=n -javaagent:C:\Users\xluser\.IdeaIC2018.3\system\groovyHotSwap\gragent.jar -javaagent:C:\Users\xluser\.IdeaIC2018.3\system\captureAgent\debugger-agent.jar -Dfile.encoding=UTF-8 
java_command: GradleStart
java_class_path (initial): C:\Program Files\Java\jdk1.8.0_201\jre\lib\charsets.jar;C:\Program Files\Java\jdk1.8.0_201\jre\lib\deploy.jar;C:\Program Files\Java\jdk1.8.0_201\jre\lib\ext\access-bridge-64.jar;C:\Program Files\Java\jdk1.8.0_201\jre\lib\ext\cldrdata.jar;C:\Program Files\Java\jdk1.8.0_201\jre\lib\ext\dnsns.jar;C:\Program Files\Java\jdk1.8.0_201\jre\lib\ext\jaccess.jar;C:\Program Files\Java\jdk1.8.0_201\jre\lib\ext\jfxrt.jar;C:\Program Files\Java\jdk1.8.0_201\jre\lib\ext\localedata.jar;C:\Program Files\Java\jdk1.8.0_201\jre\lib\ext\nashorn.jar;C:\Program Files\Java\jdk1.8.0_201\jre\lib\ext\sunec.jar;C:\Program Files\Java\jdk1.8.0_201\jre\lib\ext\sunjce_provider.jar;C:\Program Files\Java\jdk1.8.0_201\jre\lib\ext\sunmscapi.jar;C:\Program Files\Java\jdk1.8.0_201\jre\lib\ext\sunpkcs11.jar;C:\Program Files\Java\jdk1.8.0_201\jre\lib\ext\zipfs.jar;C:\Program Files\Java\jdk1.8.0_201\jre\lib\javaws.jar;C:\Program Files\Java\jdk1.8.0_201\jre\lib\jce.jar;C:\Program Files\Java\jdk1.8.0_201\jre\lib\jfr.jar;C:\Program Files\Java\jdk1.8.0_201\jre\lib\jfxswt.jar;C:\Program Files\Java\jdk1.8.0_201\jre\lib\jsse.jar;C:\Program Files\Java\jdk1.8.0_201\jre\lib\management-agent.jar;C:\Program Files\Java\jdk1.8.0_201\jre\lib\plugin.jar;C:\Program Files\Java\jdk1.8.0_201\jre\lib\resources.jar;C:\Program Files\Java\jdk1.8.0_201\jre\lib\rt.jar;C:\Users\xluser\Documents\MinecraftMods\mods\InfinityStorage\classes\production\UltimateStorage.InfinityStorage.main;C:\Users\xluser\.gradle\caches\minecraft\deobfedDeps\compileDummy.jar;C:\Users\xluser\.gradle\caches\minecraft\deobfedDeps\providedDummy.jar;C:\Users\xluser\.gradle\caches\minecraft\net\minecraftforge\forge\1.12.2-14.23.5.2838\stable\39\forgeSrc-1.12.2-14.23.5.2838.jar;C:\Users\xluser\.gradle\caches\modules-2\files-2.1\com.mojang\authlib\1.5.25\9834cdf236c22e84b946bba989e2f94ef5897c3c\authlib-1.5.25.jar;C:\Users\xluser\.gradle\caches\modules-2\files-2.1\com.google.code.findbugs\jsr305\3.0.1\f7be08ec23c21485b9b5a1cf1654c2ec8c58
Launcher Type: SUN_STANDARD

Environment Variables:
PATH=C:\Program Files\Java\jdk1.8.0_201\bin;C:\Program Files\Git\cmd;C:\Program Files\Java\jdk1.8.0_201\bin;C:\Users\xluser\AppData\Local\GitHubDesktop\bin;C:\Program Files (x86)\Common Files\Acronis\TibMounter64
USERNAME=xluser
OS=Windows_NT
PROCESSOR_IDENTIFIER=Intel64 Family 6 Model 42 Stepping 7, GenuineIntel



---------------  S Y S T E M  ---------------

OS: Windows 7 , 64 bit Build 7601 (6.1.7601.17651)

CPU:total 4 (initial active 4) (4 cores per cpu, 1 threads per core) family 6 model 42 stepping 7, cmov, cx8, fxsr, mmx, sse, sse2, sse3, ssse3, sse4.1, sse4.2, popcnt, avx, aes, clmul, tsc, tscinvbit

Memory: 4k page, physical 8344636k(14388k free), swap 33376692k(5080k free)

vm_info: Java HotSpot(TM) 64-Bit Server VM (25.201-b09) for windows-amd64 JRE (1.8.0_201-b09), built on Dec 15 2018 18:36:39 by "java_re" with MS VC++ 10.0 (VS2010)

time: Fri Aug 09 22:31:41 2019
timezone: Eastern Daylight Time
elapsed time: 18 seconds (0d 0h 0m 18s)

